<?xml version="1.0" encoding="utf-8"?><testsuites><testsuite name="pytest" errors="1" failures="0" skipped="0" tests="10" time="163.082" timestamp="2021-11-09T13:04:12.833983" hostname="fv-az128-472"><testcase classname="tests.github_dashoboard_test.TestGitHubDashboard" name="test_is_git_repo_list_available" time="14.633" /><testcase classname="tests.github_dashoboard_test.TestGitHubDashboard" name="test_should_open_create_new_repo" time="5.075" /><testcase classname="tests.github_dashoboard_test.TestGitHubDashboard" name="test_should_open_import_repo_page" time="5.034" /><testcase classname="tests.github_dashoboard_test.TestGitHubDashboard" name="test_should_open_hello_world_read_guide_page" time="1.503" /><testcase classname="tests.github_dashoboard_test.TestGitHubDashboard" name="test_should_create_repo_form_introduce_yourself_activity" time="19.616" /><testcase classname="tests.github_dashoboard_test.TestGitHubDashboard" name="test_open_explore_repos_dashboard_page" time="1.806" /><testcase classname="tests.github_dashoboard_test.TestGitHubDashboard" name="test_find_repo_by_exact_name_one_match" time="12.196"><error message="failed on setup with &quot;selenium.common.exceptions.TimeoutException: Message: &#10;Stacktrace:&#10;#0 0x5628ad678f93 &lt;unknown&gt;&#10;#1 0x5628ad153908 &lt;unknown&gt;&#10;#2 0x5628ad18966a &lt;unknown&gt;&#10;#3 0x5628ad1bbff4 &lt;unknown&gt;&#10;#4 0x5628ad1a6aad &lt;unknown&gt;&#10;#5 0x5628ad1b9c91 &lt;unknown&gt;&#10;#6 0x5628ad1a6973 &lt;unknown&gt;&#10;#7 0x5628ad17cdf4 &lt;unknown&gt;&#10;#8 0x5628ad17dde5 &lt;unknown&gt;&#10;#9 0x5628ad6a82be &lt;unknown&gt;&#10;#10 0x5628ad6bdba0 &lt;unknown&gt;&#10;#11 0x5628ad6a9215 &lt;unknown&gt;&#10;#12 0x5628ad6befe8 &lt;unknown&gt;&#10;#13 0x5628ad69d9db &lt;unknown&gt;&#10;#14 0x5628ad6da218 &lt;unknown&gt;&#10;#15 0x5628ad6da398 &lt;unknown&gt;&#10;#16 0x5628ad6f56cd &lt;unknown&gt;&#10;#17 0x7ff7d4fa3609 &lt;unknown&gt;&quot;">web_driver = &lt;selenium.webdriver.remote.webdriver.WebDriver (session="7224b69c8e8b7d7ed8c8aef53ce4c859")&gt;
github_dashboard_page = &lt;pages.github_pages.dashboard.github_dashboard_page.GitHubDashboardPage object at 0x7fee09fc9e20&gt;
github_confirm_password_page = &lt;pages.github_pages.repository.settings.github_confirm_password_page.GitHubConfirmPasswordPage object at 0x7fee09f4c1f0&gt;

    @pytest.fixture()
    def delete_all_repos(web_driver, github_dashboard_page, github_confirm_password_page):
&gt;       delete_all_repos_on_dashboard(web_driver, github_dashboard_page, github_confirm_password_page)

tests/conftest.py:152: 
_ _ _ _ _ _ _ _ _ _ _ _ _ _ _ _ _ _ _ _ _ _ _ _ _ _ _ _ _ _ _ _ _ _ _ _ _ _ _ _ 
tests/conftest.py:141: in delete_all_repos_on_dashboard
    github_dashboard_page.repositories_list.click_first_repo_on_repositories() \
pages/github_pages/repository/settings/github_repo_settings_page.py:20: in click_options_side_setting
    self.options_side_setting().click()
pages/github_pages/repository/settings/github_repo_settings_page.py:17: in options_side_setting
    return self._wait_for_visible_element(self.OPTIONS_SIDE_SETTING, 10)
pages/base_page.py:16: in _wait_for_visible_element
    return WebDriverWait(self.driver, time_seconds).until(EC.visibility_of_element_located(by_locator))
_ _ _ _ _ _ _ _ _ _ _ _ _ _ _ _ _ _ _ _ _ _ _ _ _ _ _ _ _ _ _ _ _ _ _ _ _ _ _ _ 

self = &lt;selenium.webdriver.support.wait.WebDriverWait (session="7224b69c8e8b7d7ed8c8aef53ce4c859")&gt;
method = &lt;function visibility_of_element_located.&lt;locals&gt;._predicate at 0x7fee0a0299d0&gt;
message = ''

    def until(self, method, message=''):
        """Calls the method provided with the driver as an argument until the \
        return value does not evaluate to ``False``.
    
        :param method: callable(WebDriver)
        :param message: optional message for :exc:`TimeoutException`
        :returns: the result of the last call to `method`
        :raises: :exc:`selenium.common.exceptions.TimeoutException` if timeout occurs
        """
        screen = None
        stacktrace = None
    
        end_time = time.time() + self._timeout
        while True:
            try:
                value = method(self._driver)
                if value:
                    return value
            except InvalidSelectorException as e:
                raise e
            except self._ignored_exceptions as exc:
                screen = getattr(exc, 'screen', None)
                stacktrace = getattr(exc, 'stacktrace', None)
            time.sleep(self._poll)
            if time.time() &gt; end_time:
                break
&gt;       raise TimeoutException(message, screen, stacktrace)
E       selenium.common.exceptions.TimeoutException: Message: 
E       Stacktrace:
E       #0 0x5628ad678f93 &lt;unknown&gt;
E       #1 0x5628ad153908 &lt;unknown&gt;
E       #2 0x5628ad18966a &lt;unknown&gt;
E       #3 0x5628ad1bbff4 &lt;unknown&gt;
E       #4 0x5628ad1a6aad &lt;unknown&gt;
E       #5 0x5628ad1b9c91 &lt;unknown&gt;
E       #6 0x5628ad1a6973 &lt;unknown&gt;
E       #7 0x5628ad17cdf4 &lt;unknown&gt;
E       #8 0x5628ad17dde5 &lt;unknown&gt;
E       #9 0x5628ad6a82be &lt;unknown&gt;
E       #10 0x5628ad6bdba0 &lt;unknown&gt;
E       #11 0x5628ad6a9215 &lt;unknown&gt;
E       #12 0x5628ad6befe8 &lt;unknown&gt;
E       #13 0x5628ad69d9db &lt;unknown&gt;
E       #14 0x5628ad6da218 &lt;unknown&gt;
E       #15 0x5628ad6da398 &lt;unknown&gt;
E       #16 0x5628ad6f56cd &lt;unknown&gt;
E       #17 0x7ff7d4fa3609 &lt;unknown&gt;

../../../.local/lib/python3.8/site-packages/selenium/webdriver/support/wait.py:89: TimeoutException</error></testcase><testcase classname="tests.github_dashoboard_test.TestGitHubDashboard" name="test_find_repo_by_partial_name_one_match" time="22.949" /><testcase classname="tests.github_dashoboard_test.TestGitHubDashboard" name="test_find_repo_by_partial_name_multi_match" time="21.877" /><testcase classname="tests.github_dashoboard_test.TestGitHubDashboard" name="test_find_repo_by_partial_name_not_match" time="56.495" /></testsuite></testsuites>