<?xml version="1.0" encoding="utf-8"?><testsuites><testsuite name="pytest" errors="0" failures="0" skipped="0" tests="39" time="207.303" timestamp="2021-12-07T03:39:52.698859" hostname="fv-az135-383"><testcase classname="tests.test_github.github_create_repo_test.TestGitHubCreateRepo" name="test_create_repo_name_author_should_match" time="19.426" /><testcase classname="tests.test_github.github_create_repo_test.TestGitHubCreateRepo" name="test_create_repo_should_match_public_as_default" time="5.058" /><testcase classname="tests.test_github.github_create_repo_test.TestGitHubCreateRepo" name="test_create_repo_should_match_clone_default_url" time="5.045" /><testcase classname="tests.test_github.github_create_repo_test.TestGitHubCreateRepo" name="test_create_repo_should_match_readme_file" time="8.490" /><testcase classname="tests.test_github.github_create_repo_test.TestGitHubCreateRepo" name="test_create_repo_should_match_gitignore" time="8.638" /><testcase classname="tests.test_github.github_create_repo_test.TestGitHubCreateRepo" name="test_create_repo_should_match_license_file" time="8.546" /><testcase classname="tests.test_github.github_create_repo_test.TestGitHubCreateRepo" name="test_create_repo_should_match_privacy_private" time="7.935" /><testcase classname="tests.test_github.github_create_repo_test.TestGitHubCreateRepo" name="test_create_repo_should_not_create_if_name_exist" time="6.020" /><testcase classname="tests.test_github.github_create_repo_test.TestGitHubCreateRepo" name="test_create_repo_should_description_match" time="8.376" /><testcase classname="tests.test_github.github_create_repo_test.TestGitHubCreateRepo" name="test_create_repo_should_open_import_repo_page" time="0.778" /><testcase classname="tests.test_github.github_create_repo_test.TestGitHubCreateRepo" name="test_input_name_should_indicate_name_with_white_spaces" time="1.051" /><testcase classname="tests.test_github.github_create_repo_test.TestGitHubCreateRepo" name="test_input_name_should_indicate_name_with_special_char" time="1.037" /><testcase classname="tests.test_github.github_create_repo_test.TestGitHubCreateRepo" name="test_input_name_by_click_inspiration_name" time="0.638" /><testcase classname="tests.test_github.github_create_repo_test.TestGitHubCreateRepo" name="test_should_throw_notification_for_repo_creation_failed" time="8.349" /><testcase classname="tests.test_github.github_create_repo_test.TestGitHubCreateRepo" name="test_should_open_readme_learn_more" time="2.452" /><testcase classname="tests.test_github.github_create_repo_test.TestGitHubCreateRepo" name="test_should_open_gitignore_learn_more" time="1.230" /><testcase classname="tests.test_github.github_create_repo_test.TestGitHubCreateRepo" name="test_should_open_license_learn_more" time="1.483" /><testcase classname="tests.test_github.github_create_repo_test.TestGitHubCreateRepo" name="test_should_open_repo_settings" time="1.285" /><testcase classname="tests.test_github.github_dashoboard_test.TestGitHubDashboard" name="test_is_git_repo_list_available" time="15.020" /><testcase classname="tests.test_github.github_dashoboard_test.TestGitHubDashboard" name="test_should_open_create_new_repo" time="2.538" /><testcase classname="tests.test_github.github_dashoboard_test.TestGitHubDashboard" name="test_should_open_create_new_repo_when_repo_exist" time="2.360" /><testcase classname="tests.test_github.github_dashoboard_test.TestGitHubDashboard" name="test_should_open_import_repo_page" time="2.997" /><testcase classname="tests.test_github.github_dashoboard_test.TestGitHubDashboard" name="test_should_open_hello_world_read_guide_page" time="1.228" /><testcase classname="tests.test_github.github_dashoboard_test.TestGitHubDashboard" name="test_should_create_repo_form_introduce_yourself_activity" time="6.722" /><testcase classname="tests.test_github.github_dashoboard_test.TestGitHubDashboard" name="test_open_explore_repos_dashboard_page" time="1.852" /><testcase classname="tests.test_github.github_dashoboard_test.TestGitHubDashboard" name="test_find_repo_by_exact_name_one_match" time="5.524" /><testcase classname="tests.test_github.github_dashoboard_test.TestGitHubDashboard" name="test_find_repo_by_partial_name_one_match" time="1.723" /><testcase classname="tests.test_github.github_dashoboard_test.TestGitHubDashboard" name="test_find_repo_by_partial_name_multi_match" time="1.164" /><testcase classname="tests.test_github.github_dashoboard_test.TestGitHubDashboard" name="test_find_repo_by_partial_name_not_match" time="1.725" /><testcase classname="tests.test_github.github_dashoboard_test.TestGitHubDashboard" name="test_start_a_project_should_open_new_repo_page" time="3.518" /><testcase classname="tests.test_github.github_login_in_test.TestGitHubLoginIn" name="test_login_in_username_positive" time="7.454" /><testcase classname="tests.test_github.github_login_in_test.TestGitHubLoginIn" name="test_login_in_email_positive" time="10.125" /><testcase classname="tests.test_github.github_login_in_test.TestGitHubLoginIn" name="test_login_in_username_negative_incorrect_password" time="5.718" /><testcase classname="tests.test_github.github_login_in_test.TestGitHubLoginIn" name="test_login_in_negative_incorrect_email" time="4.805" /><testcase classname="tests.test_github.github_login_in_test.TestGitHubLoginIn" name="test_login_in_negative_incorrect_username" time="4.840" /><testcase classname="tests.test_github.github_login_in_test.TestGitHubLoginIn" name="test_login_in_email_negative_incorrect_password" time="5.010" /><testcase classname="tests.test_github.github_profile_page_test.TestGitHubProfilePage" name="test_edit_profile_should_save_all_details" time="12.889" /><testcase classname="tests.test_herokuapp.herokuapp_javascript_error_test.TestHerokuAppJavascriptError" name="test_handle_assertion_for_javascript_errors_example" time="0.657" /><testcase classname="tests.test_shop_polymer.shop_polymer_shadow_dom_test.TestShopPolymerShadowDOMTest" name="test_product_price_should_match_to_dollar_and_digits" time="6.723" /></testsuite></testsuites>