<?xml version="1.0" encoding="utf-8"?><testsuites><testsuite name="pytest" errors="0" failures="0" skipped="0" tests="32" time="139.672" timestamp="2021-11-22T01:31:42.232263" hostname="fv-az135-721"><testcase classname="tests.github.github_create_repo_test.TestGitHubCreateRepo" name="test_create_repo_name_author_should_match" time="15.543" /><testcase classname="tests.github.github_create_repo_test.TestGitHubCreateRepo" name="test_create_repo_should_match_public_as_default" time="4.905" /><testcase classname="tests.github.github_create_repo_test.TestGitHubCreateRepo" name="test_create_repo_should_match_clone_default_url" time="4.974" /><testcase classname="tests.github.github_create_repo_test.TestGitHubCreateRepo" name="test_create_repo_should_match_readme_file" time="8.455" /><testcase classname="tests.github.github_create_repo_test.TestGitHubCreateRepo" name="test_create_repo_should_match_gitignore" time="8.369" /><testcase classname="tests.github.github_create_repo_test.TestGitHubCreateRepo" name="test_create_repo_should_match_license_file" time="10.399" /><testcase classname="tests.github.github_create_repo_test.TestGitHubCreateRepo" name="test_create_repo_should_match_privacy_private" time="7.438" /><testcase classname="tests.github.github_create_repo_test.TestGitHubCreateRepo" name="test_create_repo_should_not_create_if_name_exist" time="6.297" /><testcase classname="tests.github.github_create_repo_test.TestGitHubCreateRepo" name="test_create_repo_should_description_match" time="8.360" /><testcase classname="tests.github.github_create_repo_test.TestGitHubCreateRepo" name="test_create_repo_should_open_import_repo_page" time="0.812" /><testcase classname="tests.github.github_create_repo_test.TestGitHubCreateRepo" name="test_input_name_should_indicate_name_with_white_spaces" time="1.049" /><testcase classname="tests.github.github_create_repo_test.TestGitHubCreateRepo" name="test_input_name_should_indicate_name_with_special_char" time="1.153" /><testcase classname="tests.github.github_create_repo_test.TestGitHubCreateRepo" name="test_input_name_by_click_inspiration_name" time="0.663" /><testcase classname="tests.github.github_create_repo_test.TestGitHubCreateRepo" name="test_should_throw_notification_for_repo_creation_failed" time="8.495" /><testcase classname="tests.github.github_create_repo_test.TestGitHubCreateRepo" name="test_should_open_readme_learn_more" time="1.462" /><testcase classname="tests.github.github_create_repo_test.TestGitHubCreateRepo" name="test_should_open_gitignore_learn_more" time="1.401" /><testcase classname="tests.github.github_create_repo_test.TestGitHubCreateRepo" name="test_should_open_license_learn_more" time="1.525" /><testcase classname="tests.github.github_create_repo_test.TestGitHubCreateRepo" name="test_should_open_repo_settings" time="1.138" /><testcase classname="tests.github.github_dashoboard_test.TestGitHubDashboard" name="test_is_git_repo_list_available" time="7.168" /><testcase classname="tests.github.github_dashoboard_test.TestGitHubDashboard" name="test_should_open_create_new_repo" time="2.614" /><testcase classname="tests.github.github_dashoboard_test.TestGitHubDashboard" name="test_should_open_create_new_repo_when_repo_exist" time="2.276" /><testcase classname="tests.github.github_dashoboard_test.TestGitHubDashboard" name="test_should_open_import_repo_page" time="3.024" /><testcase classname="tests.github.github_dashoboard_test.TestGitHubDashboard" name="test_should_open_hello_world_read_guide_page" time="1.219" /><testcase classname="tests.github.github_dashoboard_test.TestGitHubDashboard" name="test_should_create_repo_form_introduce_yourself_activity" time="6.143" /><testcase classname="tests.github.github_dashoboard_test.TestGitHubDashboard" name="test_open_explore_repos_dashboard_page" time="1.627" /><testcase classname="tests.github.github_dashoboard_test.TestGitHubDashboard" name="test_find_repo_by_exact_name_one_match" time="5.423" /><testcase classname="tests.github.github_dashoboard_test.TestGitHubDashboard" name="test_find_repo_by_partial_name_one_match" time="1.738" /><testcase classname="tests.github.github_dashoboard_test.TestGitHubDashboard" name="test_find_repo_by_partial_name_multi_match" time="1.195" /><testcase classname="tests.github.github_dashoboard_test.TestGitHubDashboard" name="test_find_repo_by_partial_name_not_match" time="1.697" /><testcase classname="tests.github.github_dashoboard_test.TestGitHubDashboard" name="test_start_a_project_should_open_new_repo_page" time="1.026" /><testcase classname="tests.github.github_profile_page_test.TestGitHubProfilePage" name="test_edit_profile_should_save_all_details" time="3.401" /><testcase classname="tests.herokuapp.herokuapp_javascript_error_test.TestHerokuAppJavascriptError" name="test_handle_assertion_for_javascript_errors_example" time="2.972" /></testsuite></testsuites>