<?xml version="1.0" encoding="utf-8"?><testsuites><testsuite name="pytest" errors="1" failures="0" skipped="0" tests="39" time="241.933" timestamp="2021-12-07T18:53:50.734845" hostname="fv-az28-363"><testcase classname="tests.test_github.github_create_repo_test.TestGitHubCreateRepo" name="test_create_repo_name_author_should_match" time="19.322" /><testcase classname="tests.test_github.github_create_repo_test.TestGitHubCreateRepo" name="test_create_repo_should_match_public_as_default" time="6.059" /><testcase classname="tests.test_github.github_create_repo_test.TestGitHubCreateRepo" name="test_create_repo_should_match_clone_default_url" time="5.718" /><testcase classname="tests.test_github.github_create_repo_test.TestGitHubCreateRepo" name="test_create_repo_should_match_readme_file" time="8.777" /><testcase classname="tests.test_github.github_create_repo_test.TestGitHubCreateRepo" name="test_create_repo_should_match_gitignore" time="8.800" /><testcase classname="tests.test_github.github_create_repo_test.TestGitHubCreateRepo" name="test_create_repo_should_match_license_file" time="8.807" /><testcase classname="tests.test_github.github_create_repo_test.TestGitHubCreateRepo" name="test_create_repo_should_match_privacy_private" time="7.684" /><testcase classname="tests.test_github.github_create_repo_test.TestGitHubCreateRepo" name="test_create_repo_should_not_create_if_name_exist" time="7.962" /><testcase classname="tests.test_github.github_create_repo_test.TestGitHubCreateRepo" name="test_create_repo_should_description_match" time="9.022" /><testcase classname="tests.test_github.github_create_repo_test.TestGitHubCreateRepo" name="test_create_repo_should_open_import_repo_page" time="0.824" /><testcase classname="tests.test_github.github_create_repo_test.TestGitHubCreateRepo" name="test_input_name_should_indicate_name_with_white_spaces" time="1.081" /><testcase classname="tests.test_github.github_create_repo_test.TestGitHubCreateRepo" name="test_input_name_should_indicate_name_with_special_char" time="1.066" /><testcase classname="tests.test_github.github_create_repo_test.TestGitHubCreateRepo" name="test_input_name_by_click_inspiration_name" time="0.597" /><testcase classname="tests.test_github.github_create_repo_test.TestGitHubCreateRepo" name="test_should_throw_notification_for_repo_creation_failed" time="10.179" /><testcase classname="tests.test_github.github_create_repo_test.TestGitHubCreateRepo" name="test_should_open_readme_learn_more" time="1.027" /><testcase classname="tests.test_github.github_create_repo_test.TestGitHubCreateRepo" name="test_should_open_gitignore_learn_more" time="0.966" /><testcase classname="tests.test_github.github_create_repo_test.TestGitHubCreateRepo" name="test_should_open_license_learn_more" time="1.024" /><testcase classname="tests.test_github.github_create_repo_test.TestGitHubCreateRepo" name="test_should_open_repo_settings" time="1.234" /><testcase classname="tests.test_github.github_dashoboard_test.TestGitHubDashboard" name="test_is_git_repo_list_available" time="14.275" /><testcase classname="tests.test_github.github_dashoboard_test.TestGitHubDashboard" name="test_should_open_create_new_repo" time="2.038" /><testcase classname="tests.test_github.github_dashoboard_test.TestGitHubDashboard" name="test_should_open_create_new_repo_when_repo_exist" time="2.812" /><testcase classname="tests.test_github.github_dashoboard_test.TestGitHubDashboard" name="test_should_open_import_repo_page" time="2.956" /><testcase classname="tests.test_github.github_dashoboard_test.TestGitHubDashboard" name="test_should_open_hello_world_read_guide_page" time="1.073" /><testcase classname="tests.test_github.github_dashoboard_test.TestGitHubDashboard" name="test_should_create_repo_form_introduce_yourself_activity" time="8.105" /><testcase classname="tests.test_github.github_dashoboard_test.TestGitHubDashboard" name="test_open_explore_repos_dashboard_page" time="1.727" /><testcase classname="tests.test_github.github_dashoboard_test.TestGitHubDashboard" name="test_find_repo_by_exact_name_one_match" time="5.679" /><testcase classname="tests.test_github.github_dashoboard_test.TestGitHubDashboard" name="test_find_repo_by_partial_name_one_match" time="1.665" /><testcase classname="tests.test_github.github_dashoboard_test.TestGitHubDashboard" name="test_find_repo_by_partial_name_multi_match" time="1.218" /><testcase classname="tests.test_github.github_dashoboard_test.TestGitHubDashboard" name="test_find_repo_by_partial_name_not_match" time="1.782" /><testcase classname="tests.test_github.github_dashoboard_test.TestGitHubDashboard" name="test_start_a_project_should_open_new_repo_page" time="3.397" /><testcase classname="tests.test_github.github_login_in_test.TestGitHubLoginIn" name="test_login_in_username_positive" time="6.669" /><testcase classname="tests.test_github.github_login_in_test.TestGitHubLoginIn" name="test_login_in_email_positive" time="5.175" /><testcase classname="tests.test_github.github_login_in_test.TestGitHubLoginIn" name="test_login_in_username_negative_incorrect_password" time="6.133" /><testcase classname="tests.test_github.github_login_in_test.TestGitHubLoginIn" name="test_login_in_negative_incorrect_email" time="4.870" /><testcase classname="tests.test_github.github_login_in_test.TestGitHubLoginIn" name="test_login_in_negative_incorrect_username" time="4.695" /><testcase classname="tests.test_github.github_login_in_test.TestGitHubLoginIn" name="test_login_in_email_negative_incorrect_password" time="4.990" /><testcase classname="tests.test_github.github_profile_page_test.TestGitHubProfilePage" name="test_edit_profile_should_save_all_details" time="46.177"><error message="failed on setup with &quot;selenium.common.exceptions.TimeoutException: Message: &#10;Stacktrace:&#10;#0 0x55c0874bdf93 &lt;unknown&gt;&#10;#1 0x55c086f98908 &lt;unknown&gt;&#10;#2 0x55c086fce66a &lt;unknown&gt;&#10;#3 0x55c087000ff4 &lt;unknown&gt;&#10;#4 0x55c086febaad &lt;unknown&gt;&#10;#5 0x55c086ffec91 &lt;unknown&gt;&#10;#6 0x55c086feb973 &lt;unknown&gt;&#10;#7 0x55c086fc1df4 &lt;unknown&gt;&#10;#8 0x55c086fc2de5 &lt;unknown&gt;&#10;#9 0x55c0874ed2be &lt;unknown&gt;&#10;#10 0x55c087502ba0 &lt;unknown&gt;&#10;#11 0x55c0874ee215 &lt;unknown&gt;&#10;#12 0x55c087503fe8 &lt;unknown&gt;&#10;#13 0x55c0874e29db &lt;unknown&gt;&#10;#14 0x55c08751f218 &lt;unknown&gt;&#10;#15 0x55c08751f398 &lt;unknown&gt;&#10;#16 0x55c08753a6cd &lt;unknown&gt;&#10;#17 0x7f5ae4893609 &lt;unknown&gt;&quot;">github_fixtures = &lt;fixtures.github.github_fixtures.GitHubFixtures object at 0x7fb85ae181c0&gt;
github_login_page = &lt;pages.github_pages.github_login_page.GitHubLoginPage object at 0x7fb85ae18a60&gt;
github_otp_page = &lt;pages.github_pages.github_device_verification_page.GitHubDeviceVerificationPage object at 0x7fb85ae18c10&gt;
github_dashboard_page = &lt;pages.github_pages.dashboard.github_dashboard_page.GitHubDashboardPage object at 0x7fb85ae18cd0&gt;

    @pytest.fixture(scope="class")
    def login_to_github_account(github_fixtures, github_login_page, github_otp_page, github_dashboard_page):
&gt;       return github_fixtures.sign_in_to_account(github_login_page, github_otp_page, github_dashboard_page)

tests/conftest.py:105: 
_ _ _ _ _ _ _ _ _ _ _ _ _ _ _ _ _ _ _ _ _ _ _ _ _ _ _ _ _ _ _ _ _ _ _ _ _ _ _ _ 
fixtures/github/github_fixtures.py:26: in sign_in_to_account
    assert github_dashboard_page.repositories_list.is_repo_list_container_visible()
utilities/logger/test_logger/test_step.py:28: in impl
    params = func(*args, **kw)
pages/github_pages/dashboard/repository_dashboard/repositories_page.py:26: in is_repo_list_container_visible
    return super()._wait_for_visible_element(self.REPO_CONTAINER, 10).is_displayed()
pages/base_page.py:17: in _wait_for_visible_element
    return WebDriverWait(self.driver, time_seconds).until(EC.visibility_of_element_located(by_locator))
_ _ _ _ _ _ _ _ _ _ _ _ _ _ _ _ _ _ _ _ _ _ _ _ _ _ _ _ _ _ _ _ _ _ _ _ _ _ _ _ 

self = &lt;selenium.webdriver.support.wait.WebDriverWait (session="e9dfb9746a16200004b2a1e4f7a0ab52")&gt;
method = &lt;function visibility_of_element_located.&lt;locals&gt;._predicate at 0x7fb85af89af0&gt;
message = ''

    def until(self, method, message=''):
        """Calls the method provided with the driver as an argument until the \
        return value does not evaluate to ``False``.
    
        :param method: callable(WebDriver)
        :param message: optional message for :exc:`TimeoutException`
        :returns: the result of the last call to `method`
        :raises: :exc:`selenium.common.exceptions.TimeoutException` if timeout occurs
        """
        screen = None
        stacktrace = None
    
        end_time = time.time() + self._timeout
        while True:
            try:
                value = method(self._driver)
                if value:
                    return value
            except InvalidSelectorException as e:
                raise e
            except self._ignored_exceptions as exc:
                screen = getattr(exc, 'screen', None)
                stacktrace = getattr(exc, 'stacktrace', None)
            time.sleep(self._poll)
            if time.time() &gt; end_time:
                break
&gt;       raise TimeoutException(message, screen, stacktrace)
E       selenium.common.exceptions.TimeoutException: Message: 
E       Stacktrace:
E       #0 0x55c0874bdf93 &lt;unknown&gt;
E       #1 0x55c086f98908 &lt;unknown&gt;
E       #2 0x55c086fce66a &lt;unknown&gt;
E       #3 0x55c087000ff4 &lt;unknown&gt;
E       #4 0x55c086febaad &lt;unknown&gt;
E       #5 0x55c086ffec91 &lt;unknown&gt;
E       #6 0x55c086feb973 &lt;unknown&gt;
E       #7 0x55c086fc1df4 &lt;unknown&gt;
E       #8 0x55c086fc2de5 &lt;unknown&gt;
E       #9 0x55c0874ed2be &lt;unknown&gt;
E       #10 0x55c087502ba0 &lt;unknown&gt;
E       #11 0x55c0874ee215 &lt;unknown&gt;
E       #12 0x55c087503fe8 &lt;unknown&gt;
E       #13 0x55c0874e29db &lt;unknown&gt;
E       #14 0x55c08751f218 &lt;unknown&gt;
E       #15 0x55c08751f398 &lt;unknown&gt;
E       #16 0x55c08753a6cd &lt;unknown&gt;
E       #17 0x7f5ae4893609 &lt;unknown&gt;

../../../.local/lib/python3.8/site-packages/selenium/webdriver/support/wait.py:89: TimeoutException</error></testcase><testcase classname="tests.test_herokuapp.herokuapp_javascript_error_test.TestHerokuAppJavascriptError" name="test_handle_assertion_for_javascript_errors_example" time="0.541" /><testcase classname="tests.test_shop_polymer.shop_polymer_shadow_dom_test.TestShopPolymerShadowDOMTest" name="test_product_price_should_match_to_dollar_and_digits" time="6.605" /></testsuite></testsuites>