<?xml version="1.0" encoding="utf-8"?><testsuites><testsuite name="pytest" errors="0" failures="0" skipped="0" tests="4" time="16.091" timestamp="2021-11-05T18:52:44.467872" hostname="fv-az123-151"><testcase classname="tests.github_dashoboard_test.TestGitHubDashboard" name="test_is_git_repo_list_available" time="11.186" /><testcase classname="tests.github_dashoboard_test.TestGitHubDashboard" name="test_should_open_create_new_repo" time="1.503" /><testcase classname="tests.github_dashoboard_test.TestGitHubDashboard" name="test_should_open_import_repo_page" time="1.460" /><testcase classname="tests.github_dashoboard_test.TestGitHubDashboard" name="test_should_open_hello_world_page" time="0.995" /></testsuite></testsuites>