<?xml version="1.0" encoding="utf-8"?><testsuites><testsuite name="pytest" errors="0" failures="4" skipped="0" tests="7" time="111.229" timestamp="2021-11-08T22:15:45.043707" hostname="fv-az135-837"><testcase classname="tests.github_dashoboard_test.TestGitHubDashboard" name="test_is_git_repo_list_available" time="17.240" /><testcase classname="tests.github_dashoboard_test.TestGitHubDashboard" name="test_should_open_create_new_repo" time="9.583" /><testcase classname="tests.github_dashoboard_test.TestGitHubDashboard" name="test_should_open_import_repo_page" time="9.423" /><testcase classname="tests.github_dashoboard_test.TestGitHubDashboard" name="test_should_open_hello_world_page" time="11.446"><failure message="AssertionError: &#10;Expected: &lt;True&gt;&#10;     but: was &lt;False&gt;">self = &lt;tests.github_dashoboard_test.TestGitHubDashboard object at 0x7ff0e34fb250&gt;
web_driver = &lt;selenium.webdriver.remote.webdriver.WebDriver (session="83fd002d36a04325f52df91618bc1a9b")&gt;
github_dashboard_page = &lt;pages.github_pages.dashboard.github_dashboard_page.GitHubDashboardPage object at 0x7ff0e34d5f70&gt;
github_guid_land_page = &lt;pages.github_pages.guides.guides_github_land_page.GuidesGitHubLandPage object at 0x7ff0e34fb940&gt;

    def test_should_open_hello_world_page(self, web_driver, github_dashboard_page, github_guid_land_page):
        github_dashboard_page.open_url() \
            .click_read_guid_button()
        web_driver.switch_to.window(web_driver.window_handles[1])
        is_guide_url = github_guid_land_page.is_driver_set_proper_url()
        web_driver.close()
        web_driver.switch_to.window(web_driver.window_handles[0])
&gt;       assert_that(is_guide_url, equal_to(True))
E       AssertionError: 
E       Expected: &lt;True&gt;
E            but: was &lt;False&gt;

tests/github_dashoboard_test.py:35: AssertionError</failure></testcase><testcase classname="tests.github_dashoboard_test.TestGitHubDashboard" name="test_should_create_repo_form_introduce_yourself_activity" time="24.165"><failure message="selenium.common.exceptions.TimeoutException: Message: &#10;Stacktrace:&#10;#0 0x558b5f904f93 &lt;unknown&gt;&#10;#1 0x558b5f3df908 &lt;unknown&gt;&#10;#2 0x558b5f41566a &lt;unknown&gt;&#10;#3 0x558b5f447ff4 &lt;unknown&gt;&#10;#4 0x558b5f432aad &lt;unknown&gt;&#10;#5 0x558b5f445c91 &lt;unknown&gt;&#10;#6 0x558b5f432973 &lt;unknown&gt;&#10;#7 0x558b5f408df4 &lt;unknown&gt;&#10;#8 0x558b5f409de5 &lt;unknown&gt;&#10;#9 0x558b5f9342be &lt;unknown&gt;&#10;#10 0x558b5f949ba0 &lt;unknown&gt;&#10;#11 0x558b5f935215 &lt;unknown&gt;&#10;#12 0x558b5f94afe8 &lt;unknown&gt;&#10;#13 0x558b5f9299db &lt;unknown&gt;&#10;#14 0x558b5f966218 &lt;unknown&gt;&#10;#15 0x558b5f966398 &lt;unknown&gt;&#10;#16 0x558b5f9816cd &lt;unknown&gt;&#10;#17 0x7fdd87e56609 &lt;unknown&gt;">self = &lt;tests.github_dashoboard_test.TestGitHubDashboard object at 0x7ff0e34fbdf0&gt;
web_driver = &lt;selenium.webdriver.remote.webdriver.WebDriver (session="83fd002d36a04325f52df91618bc1a9b")&gt;
github_dashboard_page = &lt;pages.github_pages.dashboard.github_dashboard_page.GitHubDashboardPage object at 0x7ff0e34d5f70&gt;
delete_all_repos = None

    def test_should_create_repo_form_introduce_yourself_activity(self, web_driver, github_dashboard_page,
                                                                 delete_all_repos):
        github_dashboard_page.click_continue_yourself_button() \
            .click_commit_new_file_button() \
            .get_file_web_element_by_file_name("README.md")
&gt;       repo = github_dashboard_page.open_url() \
            .repositories_list \
            .get_repo_by_name(Secrets.USERNAME, Secrets.USERNAME)

tests/github_dashoboard_test.py:42: 
_ _ _ _ _ _ _ _ _ _ _ _ _ _ _ _ _ _ _ _ _ _ _ _ _ _ _ _ _ _ _ _ _ _ _ _ _ _ _ _ 
pages/github_pages/dashboard/repository_dashboard/repositories_page.py:29: in get_repo_by_name
    return super()._wait_for_visible_element(
pages/base_page.py:16: in _wait_for_visible_element
    return WebDriverWait(self.driver, time_seconds).until(EC.visibility_of_element_located(by_locator))
_ _ _ _ _ _ _ _ _ _ _ _ _ _ _ _ _ _ _ _ _ _ _ _ _ _ _ _ _ _ _ _ _ _ _ _ _ _ _ _ 

self = &lt;selenium.webdriver.support.wait.WebDriverWait (session="83fd002d36a04325f52df91618bc1a9b")&gt;
method = &lt;function visibility_of_element_located.&lt;locals&gt;._predicate at 0x7ff0e3415d30&gt;
message = ''

    def until(self, method, message=''):
        """Calls the method provided with the driver as an argument until the \
        return value does not evaluate to ``False``.
    
        :param method: callable(WebDriver)
        :param message: optional message for :exc:`TimeoutException`
        :returns: the result of the last call to `method`
        :raises: :exc:`selenium.common.exceptions.TimeoutException` if timeout occurs
        """
        screen = None
        stacktrace = None
    
        end_time = time.time() + self._timeout
        while True:
            try:
                value = method(self._driver)
                if value:
                    return value
            except InvalidSelectorException as e:
                raise e
            except self._ignored_exceptions as exc:
                screen = getattr(exc, 'screen', None)
                stacktrace = getattr(exc, 'stacktrace', None)
            time.sleep(self._poll)
            if time.time() &gt; end_time:
                break
&gt;       raise TimeoutException(message, screen, stacktrace)
E       selenium.common.exceptions.TimeoutException: Message: 
E       Stacktrace:
E       #0 0x558b5f904f93 &lt;unknown&gt;
E       #1 0x558b5f3df908 &lt;unknown&gt;
E       #2 0x558b5f41566a &lt;unknown&gt;
E       #3 0x558b5f447ff4 &lt;unknown&gt;
E       #4 0x558b5f432aad &lt;unknown&gt;
E       #5 0x558b5f445c91 &lt;unknown&gt;
E       #6 0x558b5f432973 &lt;unknown&gt;
E       #7 0x558b5f408df4 &lt;unknown&gt;
E       #8 0x558b5f409de5 &lt;unknown&gt;
E       #9 0x558b5f9342be &lt;unknown&gt;
E       #10 0x558b5f949ba0 &lt;unknown&gt;
E       #11 0x558b5f935215 &lt;unknown&gt;
E       #12 0x558b5f94afe8 &lt;unknown&gt;
E       #13 0x558b5f9299db &lt;unknown&gt;
E       #14 0x558b5f966218 &lt;unknown&gt;
E       #15 0x558b5f966398 &lt;unknown&gt;
E       #16 0x558b5f9816cd &lt;unknown&gt;
E       #17 0x7fdd87e56609 &lt;unknown&gt;

../../../.local/lib/python3.8/site-packages/selenium/webdriver/support/wait.py:89: TimeoutException</failure></testcase><testcase classname="tests.github_dashoboard_test.TestGitHubDashboard" name="test_open_explore_repo_from_the_list" time="5.161"><failure message="selenium.common.exceptions.TimeoutException: Message:">self = &lt;tests.github_dashoboard_test.TestGitHubDashboard object at 0x7ff0e34fbc10&gt;
web_driver = &lt;selenium.webdriver.remote.webdriver.WebDriver (session="83fd002d36a04325f52df91618bc1a9b")&gt;
github_dashboard_page = &lt;pages.github_pages.dashboard.github_dashboard_page.GitHubDashboardPage object at 0x7ff0e34d5f70&gt;

    def test_open_explore_repo_from_the_list(self, web_driver, github_dashboard_page):
&gt;       repo_page = github_dashboard_page.explore_repos_page \
            .click_first_explore_repo_item()

tests/github_dashoboard_test.py:48: 
_ _ _ _ _ _ _ _ _ _ _ _ _ _ _ _ _ _ _ _ _ _ _ _ _ _ _ _ _ _ _ _ _ _ _ _ _ _ _ _ 
pages/github_pages/dashboard/repository_dashboard/explore_repos_page.py:18: in click_first_explore_repo_item
    super()._wait_for_all_elements_visible(self.REPOSITORIES_ITEMS, 5)[0].click()
pages/base_page.py:40: in _wait_for_all_elements_visible
    return WebDriverWait(self.driver, time_seconds).until(EC.visibility_of_all_elements_located(by_locator))
_ _ _ _ _ _ _ _ _ _ _ _ _ _ _ _ _ _ _ _ _ _ _ _ _ _ _ _ _ _ _ _ _ _ _ _ _ _ _ _ 

self = &lt;selenium.webdriver.support.wait.WebDriverWait (session="83fd002d36a04325f52df91618bc1a9b")&gt;
method = &lt;function visibility_of_all_elements_located.&lt;locals&gt;._predicate at 0x7ff0e3415b80&gt;
message = ''

    def until(self, method, message=''):
        """Calls the method provided with the driver as an argument until the \
        return value does not evaluate to ``False``.
    
        :param method: callable(WebDriver)
        :param message: optional message for :exc:`TimeoutException`
        :returns: the result of the last call to `method`
        :raises: :exc:`selenium.common.exceptions.TimeoutException` if timeout occurs
        """
        screen = None
        stacktrace = None
    
        end_time = time.time() + self._timeout
        while True:
            try:
                value = method(self._driver)
                if value:
                    return value
            except InvalidSelectorException as e:
                raise e
            except self._ignored_exceptions as exc:
                screen = getattr(exc, 'screen', None)
                stacktrace = getattr(exc, 'stacktrace', None)
            time.sleep(self._poll)
            if time.time() &gt; end_time:
                break
&gt;       raise TimeoutException(message, screen, stacktrace)
E       selenium.common.exceptions.TimeoutException: Message:

../../../.local/lib/python3.8/site-packages/selenium/webdriver/support/wait.py:89: TimeoutException</failure></testcase><testcase classname="tests.github_dashoboard_test.TestGitHubDashboard" name="test_open_explore_repos_dashboard_page" time="32.718"><failure message="selenium.common.exceptions.TimeoutException: Message: &#10;Stacktrace:&#10;#0 0x558b5f904f93 &lt;unknown&gt;&#10;#1 0x558b5f3df908 &lt;unknown&gt;&#10;#2 0x558b5f41566a &lt;unknown&gt;&#10;#3 0x558b5f447ff4 &lt;unknown&gt;&#10;#4 0x558b5f432aad &lt;unknown&gt;&#10;#5 0x558b5f445c91 &lt;unknown&gt;&#10;#6 0x558b5f432973 &lt;unknown&gt;&#10;#7 0x558b5f408df4 &lt;unknown&gt;&#10;#8 0x558b5f409de5 &lt;unknown&gt;&#10;#9 0x558b5f9342be &lt;unknown&gt;&#10;#10 0x558b5f949ba0 &lt;unknown&gt;&#10;#11 0x558b5f935215 &lt;unknown&gt;&#10;#12 0x558b5f94afe8 &lt;unknown&gt;&#10;#13 0x558b5f9299db &lt;unknown&gt;&#10;#14 0x558b5f966218 &lt;unknown&gt;&#10;#15 0x558b5f966398 &lt;unknown&gt;&#10;#16 0x558b5f9816cd &lt;unknown&gt;&#10;#17 0x7fdd87e56609 &lt;unknown&gt;">self = &lt;tests.github_dashoboard_test.TestGitHubDashboard object at 0x7ff0e33e9310&gt;
web_driver = &lt;selenium.webdriver.remote.webdriver.WebDriver (session="83fd002d36a04325f52df91618bc1a9b")&gt;
github_dashboard_page = &lt;pages.github_pages.dashboard.github_dashboard_page.GitHubDashboardPage object at 0x7ff0e34d5f70&gt;
search_and_open_repo = None

    def test_open_explore_repos_dashboard_page(self, web_driver, github_dashboard_page, search_and_open_repo):
&gt;       explore_dashboard_page = github_dashboard_page.open_url() \
            .explore_repos_page \
            .click_explore_more()

tests/github_dashoboard_test.py:53: 
_ _ _ _ _ _ _ _ _ _ _ _ _ _ _ _ _ _ _ _ _ _ _ _ _ _ _ _ _ _ _ _ _ _ _ _ _ _ _ _ 
pages/github_pages/dashboard/repository_dashboard/explore_repos_page.py:22: in click_explore_more
    super()._wait_for_visible_element(self.EXPLORE_MORE_BUTTON, 5).click()
pages/base_page.py:16: in _wait_for_visible_element
    return WebDriverWait(self.driver, time_seconds).until(EC.visibility_of_element_located(by_locator))
_ _ _ _ _ _ _ _ _ _ _ _ _ _ _ _ _ _ _ _ _ _ _ _ _ _ _ _ _ _ _ _ _ _ _ _ _ _ _ _ 

self = &lt;selenium.webdriver.support.wait.WebDriverWait (session="83fd002d36a04325f52df91618bc1a9b")&gt;
method = &lt;function visibility_of_element_located.&lt;locals&gt;._predicate at 0x7ff0e342da60&gt;
message = ''

    def until(self, method, message=''):
        """Calls the method provided with the driver as an argument until the \
        return value does not evaluate to ``False``.
    
        :param method: callable(WebDriver)
        :param message: optional message for :exc:`TimeoutException`
        :returns: the result of the last call to `method`
        :raises: :exc:`selenium.common.exceptions.TimeoutException` if timeout occurs
        """
        screen = None
        stacktrace = None
    
        end_time = time.time() + self._timeout
        while True:
            try:
                value = method(self._driver)
                if value:
                    return value
            except InvalidSelectorException as e:
                raise e
            except self._ignored_exceptions as exc:
                screen = getattr(exc, 'screen', None)
                stacktrace = getattr(exc, 'stacktrace', None)
            time.sleep(self._poll)
            if time.time() &gt; end_time:
                break
&gt;       raise TimeoutException(message, screen, stacktrace)
E       selenium.common.exceptions.TimeoutException: Message: 
E       Stacktrace:
E       #0 0x558b5f904f93 &lt;unknown&gt;
E       #1 0x558b5f3df908 &lt;unknown&gt;
E       #2 0x558b5f41566a &lt;unknown&gt;
E       #3 0x558b5f447ff4 &lt;unknown&gt;
E       #4 0x558b5f432aad &lt;unknown&gt;
E       #5 0x558b5f445c91 &lt;unknown&gt;
E       #6 0x558b5f432973 &lt;unknown&gt;
E       #7 0x558b5f408df4 &lt;unknown&gt;
E       #8 0x558b5f409de5 &lt;unknown&gt;
E       #9 0x558b5f9342be &lt;unknown&gt;
E       #10 0x558b5f949ba0 &lt;unknown&gt;
E       #11 0x558b5f935215 &lt;unknown&gt;
E       #12 0x558b5f94afe8 &lt;unknown&gt;
E       #13 0x558b5f9299db &lt;unknown&gt;
E       #14 0x558b5f966218 &lt;unknown&gt;
E       #15 0x558b5f966398 &lt;unknown&gt;
E       #16 0x558b5f9816cd &lt;unknown&gt;
E       #17 0x7fdd87e56609 &lt;unknown&gt;

../../../.local/lib/python3.8/site-packages/selenium/webdriver/support/wait.py:89: TimeoutException</failure></testcase></testsuite></testsuites>