<?xml version="1.0" encoding="utf-8"?><testsuites><testsuite name="pytest" errors="0" failures="0" skipped="0" tests="20" time="260.223" timestamp="2021-11-11T20:30:09.172490" hostname="fv-az123-400"><testcase classname="tests.github_create_repo_test.TestGitHubCreateRepo" name="test_create_repo_name_author_should_match" time="18.565" /><testcase classname="tests.github_create_repo_test.TestGitHubCreateRepo" name="test_create_repo_should_match_public_as_default" time="6.797" /><testcase classname="tests.github_create_repo_test.TestGitHubCreateRepo" name="test_create_repo_should_match_clone_default_url" time="6.867" /><testcase classname="tests.github_create_repo_test.TestGitHubCreateRepo" name="test_create_repo_should_match_license_file" time="11.007" /><testcase classname="tests.github_create_repo_test.TestGitHubCreateRepo" name="test_create_repo_should_match_readme_file" time="10.121" /><testcase classname="tests.github_create_repo_test.TestGitHubCreateRepo" name="test_create_repo_should_match_gitignore" time="10.741" /><testcase classname="tests.github_create_repo_test.TestGitHubCreateRepo" name="test_create_repo_should_match_privacy_private" time="9.498" /><testcase classname="tests.github_create_repo_test.TestGitHubCreateRepo" name="test_create_repo_should_not_create_if_name_exist" time="8.017" /><testcase classname="tests.github_create_repo_test.TestGitHubCreateRepo" name="test_create_repo_should_description_match" time="10.052" /><testcase classname="tests.github_create_repo_test.TestGitHubCreateRepo" name="test_create_repo_should_open_import_repo_page" time="0.842" /><testcase classname="tests.github_dashoboard_test.TestGitHubDashboard" name="test_is_git_repo_list_available" time="74.975" /><testcase classname="tests.github_dashoboard_test.TestGitHubDashboard" name="test_should_open_create_new_repo" time="5.624" /><testcase classname="tests.github_dashoboard_test.TestGitHubDashboard" name="test_should_open_import_repo_page" time="5.603" /><testcase classname="tests.github_dashoboard_test.TestGitHubDashboard" name="test_should_open_hello_world_read_guide_page" time="1.435" /><testcase classname="tests.github_dashoboard_test.TestGitHubDashboard" name="test_should_create_repo_form_introduce_yourself_activity" time="9.558" /><testcase classname="tests.github_dashoboard_test.TestGitHubDashboard" name="test_open_explore_repos_dashboard_page" time="1.711" /><testcase classname="tests.github_dashoboard_test.TestGitHubDashboard" name="test_find_repo_by_exact_name_one_match" time="26.896" /><testcase classname="tests.github_dashoboard_test.TestGitHubDashboard" name="test_find_repo_by_partial_name_one_match" time="3.709" /><testcase classname="tests.github_dashoboard_test.TestGitHubDashboard" name="test_find_repo_by_partial_name_multi_match" time="3.050" /><testcase classname="tests.github_dashoboard_test.TestGitHubDashboard" name="test_find_repo_by_partial_name_not_match" time="31.161" /></testsuite></testsuites>