<?xml version="1.0" encoding="utf-8"?><testsuites><testsuite name="pytest" errors="0" failures="0" skipped="0" tests="39" time="210.020" timestamp="2021-12-07T19:27:36.021919" hostname="fv-az39-470"><testcase classname="tests.test_github.github_create_repo_test.TestGitHubCreateRepo" name="test_create_repo_name_author_should_match" time="15.572" /><testcase classname="tests.test_github.github_create_repo_test.TestGitHubCreateRepo" name="test_create_repo_should_match_public_as_default" time="5.034" /><testcase classname="tests.test_github.github_create_repo_test.TestGitHubCreateRepo" name="test_create_repo_should_match_clone_default_url" time="5.296" /><testcase classname="tests.test_github.github_create_repo_test.TestGitHubCreateRepo" name="test_create_repo_should_match_readme_file" time="8.703" /><testcase classname="tests.test_github.github_create_repo_test.TestGitHubCreateRepo" name="test_create_repo_should_match_gitignore" time="9.081" /><testcase classname="tests.test_github.github_create_repo_test.TestGitHubCreateRepo" name="test_create_repo_should_match_license_file" time="9.588" /><testcase classname="tests.test_github.github_create_repo_test.TestGitHubCreateRepo" name="test_create_repo_should_match_privacy_private" time="7.768" /><testcase classname="tests.test_github.github_create_repo_test.TestGitHubCreateRepo" name="test_create_repo_should_not_create_if_name_exist" time="6.157" /><testcase classname="tests.test_github.github_create_repo_test.TestGitHubCreateRepo" name="test_create_repo_should_description_match" time="8.799" /><testcase classname="tests.test_github.github_create_repo_test.TestGitHubCreateRepo" name="test_create_repo_should_open_import_repo_page" time="0.802" /><testcase classname="tests.test_github.github_create_repo_test.TestGitHubCreateRepo" name="test_input_name_should_indicate_name_with_white_spaces" time="1.115" /><testcase classname="tests.test_github.github_create_repo_test.TestGitHubCreateRepo" name="test_input_name_should_indicate_name_with_special_char" time="1.073" /><testcase classname="tests.test_github.github_create_repo_test.TestGitHubCreateRepo" name="test_input_name_by_click_inspiration_name" time="0.597" /><testcase classname="tests.test_github.github_create_repo_test.TestGitHubCreateRepo" name="test_should_throw_notification_for_repo_creation_failed" time="9.166" /><testcase classname="tests.test_github.github_create_repo_test.TestGitHubCreateRepo" name="test_should_open_readme_learn_more" time="1.175" /><testcase classname="tests.test_github.github_create_repo_test.TestGitHubCreateRepo" name="test_should_open_gitignore_learn_more" time="1.003" /><testcase classname="tests.test_github.github_create_repo_test.TestGitHubCreateRepo" name="test_should_open_license_learn_more" time="1.046" /><testcase classname="tests.test_github.github_create_repo_test.TestGitHubCreateRepo" name="test_should_open_repo_settings" time="1.322" /><testcase classname="tests.test_github.github_dashoboard_test.TestGitHubDashboard" name="test_is_git_repo_list_available" time="18.514" /><testcase classname="tests.test_github.github_dashoboard_test.TestGitHubDashboard" name="test_should_open_create_new_repo" time="2.475" /><testcase classname="tests.test_github.github_dashoboard_test.TestGitHubDashboard" name="test_should_open_create_new_repo_when_repo_exist" time="2.609" /><testcase classname="tests.test_github.github_dashoboard_test.TestGitHubDashboard" name="test_should_open_import_repo_page" time="3.391" /><testcase classname="tests.test_github.github_dashoboard_test.TestGitHubDashboard" name="test_should_open_hello_world_read_guide_page" time="1.085" /><testcase classname="tests.test_github.github_dashoboard_test.TestGitHubDashboard" name="test_should_create_repo_form_introduce_yourself_activity" time="6.630" /><testcase classname="tests.test_github.github_dashoboard_test.TestGitHubDashboard" name="test_open_explore_repos_dashboard_page" time="1.690" /><testcase classname="tests.test_github.github_dashoboard_test.TestGitHubDashboard" name="test_find_repo_by_exact_name_one_match" time="5.605" /><testcase classname="tests.test_github.github_dashoboard_test.TestGitHubDashboard" name="test_find_repo_by_partial_name_one_match" time="1.695" /><testcase classname="tests.test_github.github_dashoboard_test.TestGitHubDashboard" name="test_find_repo_by_partial_name_multi_match" time="1.141" /><testcase classname="tests.test_github.github_dashoboard_test.TestGitHubDashboard" name="test_find_repo_by_partial_name_not_match" time="1.765" /><testcase classname="tests.test_github.github_dashoboard_test.TestGitHubDashboard" name="test_start_a_project_should_open_new_repo_page" time="4.121" /><testcase classname="tests.test_github.github_login_in_test.TestGitHubLoginIn" name="test_login_in_username_positive" time="6.465" /><testcase classname="tests.test_github.github_login_in_test.TestGitHubLoginIn" name="test_login_in_email_positive" time="9.778" /><testcase classname="tests.test_github.github_login_in_test.TestGitHubLoginIn" name="test_login_in_username_negative_incorrect_password" time="6.208" /><testcase classname="tests.test_github.github_login_in_test.TestGitHubLoginIn" name="test_login_in_negative_incorrect_email" time="4.789" /><testcase classname="tests.test_github.github_login_in_test.TestGitHubLoginIn" name="test_login_in_negative_incorrect_username" time="4.740" /><testcase classname="tests.test_github.github_login_in_test.TestGitHubLoginIn" name="test_login_in_email_negative_incorrect_password" time="4.827" /><testcase classname="tests.test_github.github_profile_page_test.TestGitHubProfilePage" name="test_edit_profile_should_save_all_details" time="12.175" /><testcase classname="tests.test_herokuapp.herokuapp_javascript_error_test.TestHerokuAppJavascriptError" name="test_handle_assertion_for_javascript_errors_example" time="1.463" /><testcase classname="tests.test_shop_polymer.shop_polymer_shadow_dom_test.TestShopPolymerShadowDOMTest" name="test_product_price_should_match_to_dollar_and_digits" time="6.859" /></testsuite></testsuites>