<?xml version="1.0" encoding="utf-8"?><testsuites><testsuite name="pytest" errors="0" failures="0" skipped="0" tests="31" time="159.000" timestamp="2021-11-18T22:04:09.986434" hostname="fv-az83-551"><testcase classname="tests.github_create_repo_test.TestGitHubCreateRepo" name="test_create_repo_name_author_should_match" time="17.942" /><testcase classname="tests.github_create_repo_test.TestGitHubCreateRepo" name="test_create_repo_should_match_public_as_default" time="5.450" /><testcase classname="tests.github_create_repo_test.TestGitHubCreateRepo" name="test_create_repo_should_match_clone_default_url" time="5.430" /><testcase classname="tests.github_create_repo_test.TestGitHubCreateRepo" name="test_create_repo_should_match_readme_file" time="8.810" /><testcase classname="tests.github_create_repo_test.TestGitHubCreateRepo" name="test_create_repo_should_match_gitignore" time="9.640" /><testcase classname="tests.github_create_repo_test.TestGitHubCreateRepo" name="test_create_repo_should_match_license_file" time="9.585" /><testcase classname="tests.github_create_repo_test.TestGitHubCreateRepo" name="test_create_repo_should_match_privacy_private" time="7.900" /><testcase classname="tests.github_create_repo_test.TestGitHubCreateRepo" name="test_create_repo_should_not_create_if_name_exist" time="8.164" /><testcase classname="tests.github_create_repo_test.TestGitHubCreateRepo" name="test_create_repo_should_description_match" time="9.018" /><testcase classname="tests.github_create_repo_test.TestGitHubCreateRepo" name="test_create_repo_should_open_import_repo_page" time="1.056" /><testcase classname="tests.github_create_repo_test.TestGitHubCreateRepo" name="test_input_name_should_indicate_name_with_white_spaces" time="1.307" /><testcase classname="tests.github_create_repo_test.TestGitHubCreateRepo" name="test_input_name_should_indicate_name_with_special_char" time="1.316" /><testcase classname="tests.github_create_repo_test.TestGitHubCreateRepo" name="test_input_name_by_click_inspiration_name" time="0.788" /><testcase classname="tests.github_create_repo_test.TestGitHubCreateRepo" name="test_should_throw_notification_for_repo_creation_failed" time="9.419" /><testcase classname="tests.github_create_repo_test.TestGitHubCreateRepo" name="test_should_open_readme_learn_more" time="2.582" /><testcase classname="tests.github_create_repo_test.TestGitHubCreateRepo" name="test_should_open_gitignore_learn_more" time="1.338" /><testcase classname="tests.github_create_repo_test.TestGitHubCreateRepo" name="test_should_open_license_learn_more" time="1.546" /><testcase classname="tests.github_create_repo_test.TestGitHubCreateRepo" name="test_should_open_repo_settings" time="1.492" /><testcase classname="tests.github_dashoboard_test.TestGitHubDashboard" name="test_is_git_repo_list_available" time="7.880" /><testcase classname="tests.github_dashoboard_test.TestGitHubDashboard" name="test_should_open_create_new_repo" time="2.981" /><testcase classname="tests.github_dashoboard_test.TestGitHubDashboard" name="test_should_open_create_new_repo_when_repo_exist" time="2.870" /><testcase classname="tests.github_dashoboard_test.TestGitHubDashboard" name="test_should_open_import_repo_page" time="4.874" /><testcase classname="tests.github_dashoboard_test.TestGitHubDashboard" name="test_should_open_hello_world_read_guide_page" time="1.569" /><testcase classname="tests.github_dashoboard_test.TestGitHubDashboard" name="test_should_create_repo_form_introduce_yourself_activity" time="7.418" /><testcase classname="tests.github_dashoboard_test.TestGitHubDashboard" name="test_open_explore_repos_dashboard_page" time="1.979" /><testcase classname="tests.github_dashoboard_test.TestGitHubDashboard" name="test_find_repo_by_exact_name_one_match" time="6.019" /><testcase classname="tests.github_dashoboard_test.TestGitHubDashboard" name="test_find_repo_by_partial_name_one_match" time="1.909" /><testcase classname="tests.github_dashoboard_test.TestGitHubDashboard" name="test_find_repo_by_partial_name_multi_match" time="1.400" /><testcase classname="tests.github_dashoboard_test.TestGitHubDashboard" name="test_find_repo_by_partial_name_not_match" time="2.046" /><testcase classname="tests.github_dashoboard_test.TestGitHubDashboard" name="test_start_a_project_should_open_new_repo_page" time="1.187" /><testcase classname="tests.github_profile_page_test.TestGitHubProfilePage" name="test_edit_profile_should_save_all_details" time="6.213" /></testsuite></testsuites>