<?xml version="1.0" encoding="utf-8"?><testsuites><testsuite name="pytest" errors="0" failures="0" skipped="0" tests="35" time="213.410" timestamp="2021-12-07T02:10:03.103514" hostname="fv-az77-650"><testcase classname="tests.test_github.github_create_repo_test.TestGitHubCreateRepo" name="test_create_repo_name_author_should_match" time="15.409" /><testcase classname="tests.test_github.github_create_repo_test.TestGitHubCreateRepo" name="test_create_repo_should_match_public_as_default" time="5.244" /><testcase classname="tests.test_github.github_create_repo_test.TestGitHubCreateRepo" name="test_create_repo_should_match_clone_default_url" time="5.636" /><testcase classname="tests.test_github.github_create_repo_test.TestGitHubCreateRepo" name="test_create_repo_should_match_readme_file" time="8.642" /><testcase classname="tests.test_github.github_create_repo_test.TestGitHubCreateRepo" name="test_create_repo_should_match_gitignore" time="8.916" /><testcase classname="tests.test_github.github_create_repo_test.TestGitHubCreateRepo" name="test_create_repo_should_match_license_file" time="9.072" /><testcase classname="tests.test_github.github_create_repo_test.TestGitHubCreateRepo" name="test_create_repo_should_match_privacy_private" time="7.846" /><testcase classname="tests.test_github.github_create_repo_test.TestGitHubCreateRepo" name="test_create_repo_should_not_create_if_name_exist" time="6.639" /><testcase classname="tests.test_github.github_create_repo_test.TestGitHubCreateRepo" name="test_create_repo_should_description_match" time="8.808" /><testcase classname="tests.test_github.github_create_repo_test.TestGitHubCreateRepo" name="test_create_repo_should_open_import_repo_page" time="0.891" /><testcase classname="tests.test_github.github_create_repo_test.TestGitHubCreateRepo" name="test_input_name_should_indicate_name_with_white_spaces" time="1.114" /><testcase classname="tests.test_github.github_create_repo_test.TestGitHubCreateRepo" name="test_input_name_should_indicate_name_with_special_char" time="1.164" /><testcase classname="tests.test_github.github_create_repo_test.TestGitHubCreateRepo" name="test_input_name_by_click_inspiration_name" time="0.643" /><testcase classname="tests.test_github.github_create_repo_test.TestGitHubCreateRepo" name="test_should_throw_notification_for_repo_creation_failed" time="8.904" /><testcase classname="tests.test_github.github_create_repo_test.TestGitHubCreateRepo" name="test_should_open_readme_learn_more" time="1.972" /><testcase classname="tests.test_github.github_create_repo_test.TestGitHubCreateRepo" name="test_should_open_gitignore_learn_more" time="1.630" /><testcase classname="tests.test_github.github_create_repo_test.TestGitHubCreateRepo" name="test_should_open_license_learn_more" time="1.516" /><testcase classname="tests.test_github.github_create_repo_test.TestGitHubCreateRepo" name="test_should_open_repo_settings" time="1.387" /><testcase classname="tests.test_github.github_dashoboard_test.TestGitHubDashboard" name="test_is_git_repo_list_available" time="20.799" /><testcase classname="tests.test_github.github_dashoboard_test.TestGitHubDashboard" name="test_should_open_create_new_repo" time="2.863" /><testcase classname="tests.test_github.github_dashoboard_test.TestGitHubDashboard" name="test_should_open_create_new_repo_when_repo_exist" time="2.586" /><testcase classname="tests.test_github.github_dashoboard_test.TestGitHubDashboard" name="test_should_open_import_repo_page" time="3.346" /><testcase classname="tests.test_github.github_dashoboard_test.TestGitHubDashboard" name="test_should_open_hello_world_read_guide_page" time="1.508" /><testcase classname="tests.test_github.github_dashoboard_test.TestGitHubDashboard" name="test_should_create_repo_form_introduce_yourself_activity" time="7.145" /><testcase classname="tests.test_github.github_dashoboard_test.TestGitHubDashboard" name="test_open_explore_repos_dashboard_page" time="1.738" /><testcase classname="tests.test_github.github_dashoboard_test.TestGitHubDashboard" name="test_find_repo_by_exact_name_one_match" time="6.180" /><testcase classname="tests.test_github.github_dashoboard_test.TestGitHubDashboard" name="test_find_repo_by_partial_name_one_match" time="1.842" /><testcase classname="tests.test_github.github_dashoboard_test.TestGitHubDashboard" name="test_find_repo_by_partial_name_multi_match" time="1.460" /><testcase classname="tests.test_github.github_dashoboard_test.TestGitHubDashboard" name="test_find_repo_by_partial_name_not_match" time="1.839" /><testcase classname="tests.test_github.github_dashoboard_test.TestGitHubDashboard" name="test_start_a_project_should_open_new_repo_page" time="4.208" /><testcase classname="tests.test_github.github_login_in_test.TestGitHubLoginIn" name="test_login_in_username_positive" time="13.808" /><testcase classname="tests.test_github.github_login_in_test.TestGitHubLoginIn" name="test_login_in_email_positive" time="14.712" /><testcase classname="tests.test_github.github_profile_page_test.TestGitHubProfilePage" name="test_edit_profile_should_save_all_details" time="18.826" /><testcase classname="tests.test_herokuapp.herokuapp_javascript_error_test.TestHerokuAppJavascriptError" name="test_handle_assertion_for_javascript_errors_example" time="0.858" /><testcase classname="tests.test_shop_polymer.shop_polymer_shadow_dom_test.TestShopPolymerShadowDOMTest" name="test_product_price_should_match_to_dollar_and_digits" time="6.776" /></testsuite></testsuites>