<?xml version="1.0" encoding="utf-8"?><testsuites><testsuite name="pytest" errors="0" failures="0" skipped="0" tests="32" time="161.342" timestamp="2021-11-21T23:33:17.942498" hostname="fv-az83-551"><testcase classname="tests.github.github_create_repo_test.TestGitHubCreateRepo" name="test_create_repo_name_author_should_match" time="16.595" /><testcase classname="tests.github.github_create_repo_test.TestGitHubCreateRepo" name="test_create_repo_should_match_public_as_default" time="5.400" /><testcase classname="tests.github.github_create_repo_test.TestGitHubCreateRepo" name="test_create_repo_should_match_clone_default_url" time="5.156" /><testcase classname="tests.github.github_create_repo_test.TestGitHubCreateRepo" name="test_create_repo_should_match_readme_file" time="8.819" /><testcase classname="tests.github.github_create_repo_test.TestGitHubCreateRepo" name="test_create_repo_should_match_gitignore" time="9.386" /><testcase classname="tests.github.github_create_repo_test.TestGitHubCreateRepo" name="test_create_repo_should_match_license_file" time="9.058" /><testcase classname="tests.github.github_create_repo_test.TestGitHubCreateRepo" name="test_create_repo_should_match_privacy_private" time="8.140" /><testcase classname="tests.github.github_create_repo_test.TestGitHubCreateRepo" name="test_create_repo_should_not_create_if_name_exist" time="6.355" /><testcase classname="tests.github.github_create_repo_test.TestGitHubCreateRepo" name="test_create_repo_should_description_match" time="9.068" /><testcase classname="tests.github.github_create_repo_test.TestGitHubCreateRepo" name="test_create_repo_should_open_import_repo_page" time="1.080" /><testcase classname="tests.github.github_create_repo_test.TestGitHubCreateRepo" name="test_input_name_should_indicate_name_with_white_spaces" time="1.238" /><testcase classname="tests.github.github_create_repo_test.TestGitHubCreateRepo" name="test_input_name_should_indicate_name_with_special_char" time="1.235" /><testcase classname="tests.github.github_create_repo_test.TestGitHubCreateRepo" name="test_input_name_by_click_inspiration_name" time="0.773" /><testcase classname="tests.github.github_create_repo_test.TestGitHubCreateRepo" name="test_should_throw_notification_for_repo_creation_failed" time="9.208" /><testcase classname="tests.github.github_create_repo_test.TestGitHubCreateRepo" name="test_should_open_readme_learn_more" time="1.711" /><testcase classname="tests.github.github_create_repo_test.TestGitHubCreateRepo" name="test_should_open_gitignore_learn_more" time="1.685" /><testcase classname="tests.github.github_create_repo_test.TestGitHubCreateRepo" name="test_should_open_license_learn_more" time="1.468" /><testcase classname="tests.github.github_create_repo_test.TestGitHubCreateRepo" name="test_should_open_repo_settings" time="1.515" /><testcase classname="tests.github.github_dashoboard_test.TestGitHubDashboard" name="test_is_git_repo_list_available" time="9.093" /><testcase classname="tests.github.github_dashoboard_test.TestGitHubDashboard" name="test_should_open_create_new_repo" time="3.284" /><testcase classname="tests.github.github_dashoboard_test.TestGitHubDashboard" name="test_should_open_create_new_repo_when_repo_exist" time="2.374" /><testcase classname="tests.github.github_dashoboard_test.TestGitHubDashboard" name="test_should_open_import_repo_page" time="4.783" /><testcase classname="tests.github.github_dashoboard_test.TestGitHubDashboard" name="test_should_open_hello_world_read_guide_page" time="1.811" /><testcase classname="tests.github.github_dashoboard_test.TestGitHubDashboard" name="test_should_create_repo_form_introduce_yourself_activity" time="6.855" /><testcase classname="tests.github.github_dashoboard_test.TestGitHubDashboard" name="test_open_explore_repos_dashboard_page" time="1.833" /><testcase classname="tests.github.github_dashoboard_test.TestGitHubDashboard" name="test_find_repo_by_exact_name_one_match" time="10.749" /><testcase classname="tests.github.github_dashoboard_test.TestGitHubDashboard" name="test_find_repo_by_partial_name_one_match" time="1.828" /><testcase classname="tests.github.github_dashoboard_test.TestGitHubDashboard" name="test_find_repo_by_partial_name_multi_match" time="1.308" /><testcase classname="tests.github.github_dashoboard_test.TestGitHubDashboard" name="test_find_repo_by_partial_name_not_match" time="1.883" /><testcase classname="tests.github.github_dashoboard_test.TestGitHubDashboard" name="test_start_a_project_should_open_new_repo_page" time="1.141" /><testcase classname="tests.github.github_profile_page_test.TestGitHubProfilePage" name="test_edit_profile_should_save_all_details" time="3.366" /><testcase classname="tests.herokuapp.herokuapp_javascript_error_test.TestHerokuAppJavascriptError" name="test_handle_assertion_for_javascript_errors_example" time="3.256" /></testsuite></testsuites>