<?xml version="1.0" encoding="utf-8"?><testsuites><testsuite name="pytest" errors="0" failures="0" skipped="0" tests="6" time="61.801" timestamp="2021-11-09T00:30:35.684630" hostname="fv-az74-661"><testcase classname="tests.github_dashoboard_test.TestGitHubDashboard" name="test_is_git_repo_list_available" time="9.353" /><testcase classname="tests.github_dashoboard_test.TestGitHubDashboard" name="test_should_open_create_new_repo" time="16.641" /><testcase classname="tests.github_dashoboard_test.TestGitHubDashboard" name="test_should_open_import_repo_page" time="5.392" /><testcase classname="tests.github_dashoboard_test.TestGitHubDashboard" name="test_should_open_hello_world_page" time="1.689" /><testcase classname="tests.github_dashoboard_test.TestGitHubDashboard" name="test_should_create_repo_form_introduce_yourself_activity" time="10.105" /><testcase classname="tests.github_dashoboard_test.TestGitHubDashboard" name="test_open_explore_repos_dashboard_page" time="17.433" /></testsuite></testsuites>