<?xml version="1.0" encoding="utf-8"?><testsuites><testsuite name="pytest" errors="0" failures="0" skipped="0" tests="10" time="192.318" timestamp="2021-11-09T13:09:23.197498" hostname="fv-az77-654"><testcase classname="tests.github_dashoboard_test.TestGitHubDashboard" name="test_is_git_repo_list_available" time="11.330" /><testcase classname="tests.github_dashoboard_test.TestGitHubDashboard" name="test_should_open_create_new_repo" time="10.753" /><testcase classname="tests.github_dashoboard_test.TestGitHubDashboard" name="test_should_open_import_repo_page" time="5.107" /><testcase classname="tests.github_dashoboard_test.TestGitHubDashboard" name="test_should_open_hello_world_read_guide_page" time="1.646" /><testcase classname="tests.github_dashoboard_test.TestGitHubDashboard" name="test_should_create_repo_form_introduce_yourself_activity" time="9.626" /><testcase classname="tests.github_dashoboard_test.TestGitHubDashboard" name="test_open_explore_repos_dashboard_page" time="1.910" /><testcase classname="tests.github_dashoboard_test.TestGitHubDashboard" name="test_find_repo_by_exact_name_one_match" time="25.077" /><testcase classname="tests.github_dashoboard_test.TestGitHubDashboard" name="test_find_repo_by_partial_name_one_match" time="33.597" /><testcase classname="tests.github_dashoboard_test.TestGitHubDashboard" name="test_find_repo_by_partial_name_multi_match" time="33.090" /><testcase classname="tests.github_dashoboard_test.TestGitHubDashboard" name="test_find_repo_by_partial_name_not_match" time="57.490" /></testsuite></testsuites>