<?xml version="1.0" encoding="utf-8"?><testsuites><testsuite name="pytest" errors="0" failures="0" skipped="1" tests="32" time="154.017" timestamp="2021-11-22T01:10:18.959400" hostname="fv-az135-721"><testcase classname="tests.github.github_create_repo_test.TestGitHubCreateRepo" name="test_create_repo_name_author_should_match" time="17.940" /><testcase classname="tests.github.github_create_repo_test.TestGitHubCreateRepo" name="test_create_repo_should_match_public_as_default" time="5.396" /><testcase classname="tests.github.github_create_repo_test.TestGitHubCreateRepo" name="test_create_repo_should_match_clone_default_url" time="6.696" /><testcase classname="tests.github.github_create_repo_test.TestGitHubCreateRepo" name="test_create_repo_should_match_readme_file" time="8.577" /><testcase classname="tests.github.github_create_repo_test.TestGitHubCreateRepo" name="test_create_repo_should_match_gitignore" time="9.549" /><testcase classname="tests.github.github_create_repo_test.TestGitHubCreateRepo" name="test_create_repo_should_match_license_file" time="10.481" /><testcase classname="tests.github.github_create_repo_test.TestGitHubCreateRepo" name="test_create_repo_should_match_privacy_private" time="8.189" /><testcase classname="tests.github.github_create_repo_test.TestGitHubCreateRepo" name="test_create_repo_should_not_create_if_name_exist" time="6.358" /><testcase classname="tests.github.github_create_repo_test.TestGitHubCreateRepo" name="test_create_repo_should_description_match" time="8.830" /><testcase classname="tests.github.github_create_repo_test.TestGitHubCreateRepo" name="test_create_repo_should_open_import_repo_page" time="0.936" /><testcase classname="tests.github.github_create_repo_test.TestGitHubCreateRepo" name="test_input_name_should_indicate_name_with_white_spaces" time="1.105" /><testcase classname="tests.github.github_create_repo_test.TestGitHubCreateRepo" name="test_input_name_should_indicate_name_with_special_char" time="1.121" /><testcase classname="tests.github.github_create_repo_test.TestGitHubCreateRepo" name="test_input_name_by_click_inspiration_name" time="0.806" /><testcase classname="tests.github.github_create_repo_test.TestGitHubCreateRepo" name="test_should_throw_notification_for_repo_creation_failed" time="8.459" /><testcase classname="tests.github.github_create_repo_test.TestGitHubCreateRepo" name="test_should_open_readme_learn_more" time="1.736" /><testcase classname="tests.github.github_create_repo_test.TestGitHubCreateRepo" name="test_should_open_gitignore_learn_more" time="1.622" /><testcase classname="tests.github.github_create_repo_test.TestGitHubCreateRepo" name="test_should_open_license_learn_more" time="1.178" /><testcase classname="tests.github.github_create_repo_test.TestGitHubCreateRepo" name="test_should_open_repo_settings" time="1.336" /><testcase classname="tests.github.github_dashoboard_test.TestGitHubDashboard" name="test_is_git_repo_list_available" time="7.613" /><testcase classname="tests.github.github_dashoboard_test.TestGitHubDashboard" name="test_should_open_create_new_repo" time="2.582" /><testcase classname="tests.github.github_dashoboard_test.TestGitHubDashboard" name="test_should_open_create_new_repo_when_repo_exist" time="2.412" /><testcase classname="tests.github.github_dashoboard_test.TestGitHubDashboard" name="test_should_open_import_repo_page" time="4.691" /><testcase classname="tests.github.github_dashoboard_test.TestGitHubDashboard" name="test_should_open_hello_world_read_guide_page" time="1.704" /><testcase classname="tests.github.github_dashoboard_test.TestGitHubDashboard" name="test_should_create_repo_form_introduce_yourself_activity" time="6.420" /><testcase classname="tests.github.github_dashoboard_test.TestGitHubDashboard" name="test_open_explore_repos_dashboard_page" time="1.713" /><testcase classname="tests.github.github_dashoboard_test.TestGitHubDashboard" name="test_find_repo_by_exact_name_one_match" time="10.078" /><testcase classname="tests.github.github_dashoboard_test.TestGitHubDashboard" name="test_find_repo_by_partial_name_one_match" time="1.772" /><testcase classname="tests.github.github_dashoboard_test.TestGitHubDashboard" name="test_find_repo_by_partial_name_multi_match" time="1.242" /><testcase classname="tests.github.github_dashoboard_test.TestGitHubDashboard" name="test_find_repo_by_partial_name_not_match" time="1.713" /><testcase classname="tests.github.github_dashoboard_test.TestGitHubDashboard" name="test_start_a_project_should_open_new_repo_page" time="1.046" /><testcase classname="tests.github.github_profile_page_test.TestGitHubProfilePage" name="test_edit_profile_should_save_all_details" time="2.165" /><testcase classname="tests.herokuapp.herokuapp_javascript_error_test.TestHerokuAppJavascriptError" name="test_handle_assertion_for_javascript_errors_example" time="3.284"><skipped type="pytest.skip" message="Skip test on firefox browser">/home/runner/work/my-selenium-python-dojo/my-selenium-python-dojo/tests/herokuapp/herokuapp_javascript_error_test.py:9: Skip test on firefox browser</skipped></testcase></testsuite></testsuites>