<?xml version="1.0" encoding="utf-8"?><testsuites><testsuite name="pytest" errors="0" failures="0" skipped="0" tests="30" time="134.145" timestamp="2021-11-16T14:40:49.379234" hostname="fv-az39-16"><testcase classname="tests.github_create_repo_test.TestGitHubCreateRepo" name="test_create_repo_name_author_should_match" time="14.573" /><testcase classname="tests.github_create_repo_test.TestGitHubCreateRepo" name="test_create_repo_should_match_public_as_default" time="5.075" /><testcase classname="tests.github_create_repo_test.TestGitHubCreateRepo" name="test_create_repo_should_match_clone_default_url" time="4.914" /><testcase classname="tests.github_create_repo_test.TestGitHubCreateRepo" name="test_create_repo_should_match_readme_file" time="8.635" /><testcase classname="tests.github_create_repo_test.TestGitHubCreateRepo" name="test_create_repo_should_match_gitignore" time="8.821" /><testcase classname="tests.github_create_repo_test.TestGitHubCreateRepo" name="test_create_repo_should_match_license_file" time="8.961" /><testcase classname="tests.github_create_repo_test.TestGitHubCreateRepo" name="test_create_repo_should_match_privacy_private" time="7.645" /><testcase classname="tests.github_create_repo_test.TestGitHubCreateRepo" name="test_create_repo_should_not_create_if_name_exist" time="5.986" /><testcase classname="tests.github_create_repo_test.TestGitHubCreateRepo" name="test_create_repo_should_description_match" time="8.840" /><testcase classname="tests.github_create_repo_test.TestGitHubCreateRepo" name="test_create_repo_should_open_import_repo_page" time="0.864" /><testcase classname="tests.github_create_repo_test.TestGitHubCreateRepo" name="test_input_name_should_indicate_name_with_white_spaces" time="1.067" /><testcase classname="tests.github_create_repo_test.TestGitHubCreateRepo" name="test_input_name_should_indicate_name_with_special_char" time="1.093" /><testcase classname="tests.github_create_repo_test.TestGitHubCreateRepo" name="test_input_name_by_click_inspiration_name" time="0.647" /><testcase classname="tests.github_create_repo_test.TestGitHubCreateRepo" name="test_should_throw_notification_for_repo_creation_failed" time="8.717" /><testcase classname="tests.github_create_repo_test.TestGitHubCreateRepo" name="test_should_open_readme_learn_more" time="0.966" /><testcase classname="tests.github_create_repo_test.TestGitHubCreateRepo" name="test_should_open_gitignore_learn_more" time="0.925" /><testcase classname="tests.github_create_repo_test.TestGitHubCreateRepo" name="test_should_open_license_learn_more" time="0.873" /><testcase classname="tests.github_create_repo_test.TestGitHubCreateRepo" name="test_should_open_repo_settings" time="1.081" /><testcase classname="tests.github_dashoboard_test.TestGitHubDashboard" name="test_is_git_repo_list_available" time="6.614" /><testcase classname="tests.github_dashoboard_test.TestGitHubDashboard" name="test_should_open_create_new_repo" time="2.437" /><testcase classname="tests.github_dashoboard_test.TestGitHubDashboard" name="test_should_open_create_new_repo_when_repo_exist" time="3.061" /><testcase classname="tests.github_dashoboard_test.TestGitHubDashboard" name="test_should_open_import_repo_page" time="2.951" /><testcase classname="tests.github_dashoboard_test.TestGitHubDashboard" name="test_should_open_hello_world_read_guide_page" time="0.938" /><testcase classname="tests.github_dashoboard_test.TestGitHubDashboard" name="test_should_create_repo_form_introduce_yourself_activity" time="6.040" /><testcase classname="tests.github_dashoboard_test.TestGitHubDashboard" name="test_open_explore_repos_dashboard_page" time="1.947" /><testcase classname="tests.github_dashoboard_test.TestGitHubDashboard" name="test_find_repo_by_exact_name_one_match" time="5.768" /><testcase classname="tests.github_dashoboard_test.TestGitHubDashboard" name="test_find_repo_by_partial_name_one_match" time="1.713" /><testcase classname="tests.github_dashoboard_test.TestGitHubDashboard" name="test_find_repo_by_partial_name_multi_match" time="1.220" /><testcase classname="tests.github_dashoboard_test.TestGitHubDashboard" name="test_find_repo_by_partial_name_not_match" time="1.695" /><testcase classname="tests.github_dashoboard_test.TestGitHubDashboard" name="test_start_a_project_should_open_new_repo_page" time="3.801" /></testsuite></testsuites>