<?xml version="1.0" encoding="utf-8"?><testsuites><testsuite name="pytest" errors="0" failures="0" skipped="0" tests="33" time="147.648" timestamp="2021-11-23T01:21:17.438962" hostname="fv-az123-808"><testcase classname="tests.test_github.github_create_repo_test.TestGitHubCreateRepo" name="test_create_repo_name_author_should_match" time="15.368" /><testcase classname="tests.test_github.github_create_repo_test.TestGitHubCreateRepo" name="test_create_repo_should_match_public_as_default" time="4.868" /><testcase classname="tests.test_github.github_create_repo_test.TestGitHubCreateRepo" name="test_create_repo_should_match_clone_default_url" time="4.839" /><testcase classname="tests.test_github.github_create_repo_test.TestGitHubCreateRepo" name="test_create_repo_should_match_readme_file" time="8.931" /><testcase classname="tests.test_github.github_create_repo_test.TestGitHubCreateRepo" name="test_create_repo_should_match_gitignore" time="8.190" /><testcase classname="tests.test_github.github_create_repo_test.TestGitHubCreateRepo" name="test_create_repo_should_match_license_file" time="8.450" /><testcase classname="tests.test_github.github_create_repo_test.TestGitHubCreateRepo" name="test_create_repo_should_match_privacy_private" time="7.425" /><testcase classname="tests.test_github.github_create_repo_test.TestGitHubCreateRepo" name="test_create_repo_should_not_create_if_name_exist" time="5.869" /><testcase classname="tests.test_github.github_create_repo_test.TestGitHubCreateRepo" name="test_create_repo_should_description_match" time="8.101" /><testcase classname="tests.test_github.github_create_repo_test.TestGitHubCreateRepo" name="test_create_repo_should_open_import_repo_page" time="0.744" /><testcase classname="tests.test_github.github_create_repo_test.TestGitHubCreateRepo" name="test_input_name_should_indicate_name_with_white_spaces" time="1.151" /><testcase classname="tests.test_github.github_create_repo_test.TestGitHubCreateRepo" name="test_input_name_should_indicate_name_with_special_char" time="1.067" /><testcase classname="tests.test_github.github_create_repo_test.TestGitHubCreateRepo" name="test_input_name_by_click_inspiration_name" time="0.551" /><testcase classname="tests.test_github.github_create_repo_test.TestGitHubCreateRepo" name="test_should_throw_notification_for_repo_creation_failed" time="8.234" /><testcase classname="tests.test_github.github_create_repo_test.TestGitHubCreateRepo" name="test_should_open_readme_learn_more" time="1.515" /><testcase classname="tests.test_github.github_create_repo_test.TestGitHubCreateRepo" name="test_should_open_gitignore_learn_more" time="1.135" /><testcase classname="tests.test_github.github_create_repo_test.TestGitHubCreateRepo" name="test_should_open_license_learn_more" time="1.148" /><testcase classname="tests.test_github.github_create_repo_test.TestGitHubCreateRepo" name="test_should_open_repo_settings" time="1.155" /><testcase classname="tests.test_github.github_dashoboard_test.TestGitHubDashboard" name="test_is_git_repo_list_available" time="8.519" /><testcase classname="tests.test_github.github_dashoboard_test.TestGitHubDashboard" name="test_should_open_create_new_repo" time="3.669" /><testcase classname="tests.test_github.github_dashoboard_test.TestGitHubDashboard" name="test_should_open_create_new_repo_when_repo_exist" time="2.666" /><testcase classname="tests.test_github.github_dashoboard_test.TestGitHubDashboard" name="test_should_open_import_repo_page" time="2.928" /><testcase classname="tests.test_github.github_dashoboard_test.TestGitHubDashboard" name="test_should_open_hello_world_read_guide_page" time="1.230" /><testcase classname="tests.test_github.github_dashoboard_test.TestGitHubDashboard" name="test_should_create_repo_form_introduce_yourself_activity" time="6.381" /><testcase classname="tests.test_github.github_dashoboard_test.TestGitHubDashboard" name="test_open_explore_repos_dashboard_page" time="1.611" /><testcase classname="tests.test_github.github_dashoboard_test.TestGitHubDashboard" name="test_find_repo_by_exact_name_one_match" time="10.434" /><testcase classname="tests.test_github.github_dashoboard_test.TestGitHubDashboard" name="test_find_repo_by_partial_name_one_match" time="1.705" /><testcase classname="tests.test_github.github_dashoboard_test.TestGitHubDashboard" name="test_find_repo_by_partial_name_multi_match" time="1.158" /><testcase classname="tests.test_github.github_dashoboard_test.TestGitHubDashboard" name="test_find_repo_by_partial_name_not_match" time="1.688" /><testcase classname="tests.test_github.github_dashoboard_test.TestGitHubDashboard" name="test_start_a_project_should_open_new_repo_page" time="0.907" /><testcase classname="tests.test_github.github_profile_page_test.TestGitHubProfilePage" name="test_edit_profile_should_save_all_details" time="2.576" /><testcase classname="tests.test_herokuapp.herokuapp_javascript_error_test.TestHerokuAppJavascriptError" name="test_handle_assertion_for_javascript_errors_example" time="0.185" /><testcase classname="tests.test_shop_polymer.shop_polymer_shadow_dom_test.TestShopPolymerShadowDOMTest" name="test_product_price_should_match_to_dollar_and_digits" time="4.931" /></testsuite></testsuites>