<?xml version="1.0" encoding="utf-8"?><testsuites><testsuite name="pytest" errors="0" failures="0" skipped="0" tests="30" time="145.471" timestamp="2021-11-16T17:31:49.456031" hostname="fv-az39-16"><testcase classname="tests.github_create_repo_test.TestGitHubCreateRepo" name="test_create_repo_name_author_should_match" time="20.292" /><testcase classname="tests.github_create_repo_test.TestGitHubCreateRepo" name="test_create_repo_should_match_public_as_default" time="5.299" /><testcase classname="tests.github_create_repo_test.TestGitHubCreateRepo" name="test_create_repo_should_match_clone_default_url" time="5.246" /><testcase classname="tests.github_create_repo_test.TestGitHubCreateRepo" name="test_create_repo_should_match_readme_file" time="8.487" /><testcase classname="tests.github_create_repo_test.TestGitHubCreateRepo" name="test_create_repo_should_match_gitignore" time="8.817" /><testcase classname="tests.github_create_repo_test.TestGitHubCreateRepo" name="test_create_repo_should_match_license_file" time="9.114" /><testcase classname="tests.github_create_repo_test.TestGitHubCreateRepo" name="test_create_repo_should_match_privacy_private" time="7.937" /><testcase classname="tests.github_create_repo_test.TestGitHubCreateRepo" name="test_create_repo_should_not_create_if_name_exist" time="6.462" /><testcase classname="tests.github_create_repo_test.TestGitHubCreateRepo" name="test_create_repo_should_description_match" time="8.756" /><testcase classname="tests.github_create_repo_test.TestGitHubCreateRepo" name="test_create_repo_should_open_import_repo_page" time="0.853" /><testcase classname="tests.github_create_repo_test.TestGitHubCreateRepo" name="test_input_name_should_indicate_name_with_white_spaces" time="1.101" /><testcase classname="tests.github_create_repo_test.TestGitHubCreateRepo" name="test_input_name_should_indicate_name_with_special_char" time="1.171" /><testcase classname="tests.github_create_repo_test.TestGitHubCreateRepo" name="test_input_name_by_click_inspiration_name" time="0.619" /><testcase classname="tests.github_create_repo_test.TestGitHubCreateRepo" name="test_should_throw_notification_for_repo_creation_failed" time="8.876" /><testcase classname="tests.github_create_repo_test.TestGitHubCreateRepo" name="test_should_open_readme_learn_more" time="3.410" /><testcase classname="tests.github_create_repo_test.TestGitHubCreateRepo" name="test_should_open_gitignore_learn_more" time="1.070" /><testcase classname="tests.github_create_repo_test.TestGitHubCreateRepo" name="test_should_open_license_learn_more" time="1.064" /><testcase classname="tests.github_create_repo_test.TestGitHubCreateRepo" name="test_should_open_repo_settings" time="1.226" /><testcase classname="tests.github_dashoboard_test.TestGitHubDashboard" name="test_is_git_repo_list_available" time="6.782" /><testcase classname="tests.github_dashoboard_test.TestGitHubDashboard" name="test_should_open_create_new_repo" time="2.473" /><testcase classname="tests.github_dashoboard_test.TestGitHubDashboard" name="test_should_open_create_new_repo_when_repo_exist" time="2.384" /><testcase classname="tests.github_dashoboard_test.TestGitHubDashboard" name="test_should_open_import_repo_page" time="3.024" /><testcase classname="tests.github_dashoboard_test.TestGitHubDashboard" name="test_should_open_hello_world_read_guide_page" time="1.192" /><testcase classname="tests.github_dashoboard_test.TestGitHubDashboard" name="test_should_create_repo_form_introduce_yourself_activity" time="7.331" /><testcase classname="tests.github_dashoboard_test.TestGitHubDashboard" name="test_open_explore_repos_dashboard_page" time="1.755" /><testcase classname="tests.github_dashoboard_test.TestGitHubDashboard" name="test_find_repo_by_exact_name_one_match" time="5.620" /><testcase classname="tests.github_dashoboard_test.TestGitHubDashboard" name="test_find_repo_by_partial_name_one_match" time="1.786" /><testcase classname="tests.github_dashoboard_test.TestGitHubDashboard" name="test_find_repo_by_partial_name_multi_match" time="1.228" /><testcase classname="tests.github_dashoboard_test.TestGitHubDashboard" name="test_find_repo_by_partial_name_not_match" time="1.759" /><testcase classname="tests.github_dashoboard_test.TestGitHubDashboard" name="test_start_a_project_should_open_new_repo_page" time="3.469" /></testsuite></testsuites>